Determining if the pthread_create exist failed with the following output:
Change Dir: /home/ustb/catkin_velodyne/build/CMakeFiles/CMakeTmp

Run Build Command:"/usr/bin/make" "cmTC_9b404/fast"
/usr/bin/make -f CMakeFiles/cmTC_9b404.dir/build.make CMakeFiles/cmTC_9b404.dir/build
make[1]: Entering directory '/home/ustb/catkin_velodyne/build/CMakeFiles/CMakeTmp'
Building C object CMakeFiles/cmTC_9b404.dir/CheckSymbolExists.c.o
/usr/bin/cc    -o CMakeFiles/cmTC_9b404.dir/CheckSymbolExists.c.o   -c /home/ustb/catkin_velodyne/build/CMakeFiles/CMakeTmp/CheckSymbolExists.c
Linking C executable cmTC_9b404
/usr/bin/cmake -E cmake_link_script CMakeFiles/cmTC_9b404.dir/link.txt --verbose=1
/usr/bin/cc      -rdynamic CMakeFiles/cmTC_9b404.dir/CheckSymbolExists.c.o  -o cmTC_9b404 
CMakeFiles/cmTC_9b404.dir/CheckSymbolExists.c.o: In function `main':
CheckSymbolExists.c:(.text+0x1b): undefined reference to `pthread_create'
collect2: error: ld returned 1 exit status
CMakeFiles/cmTC_9b404.dir/build.make:97: recipe for target 'cmTC_9b404' failed
make[1]: *** [cmTC_9b404] Error 1
make[1]: Leaving directory '/home/ustb/catkin_velodyne/build/CMakeFiles/CMakeTmp'
Makefile:126: recipe for target 'cmTC_9b404/fast' failed
make: *** [cmTC_9b404/fast] Error 2

File /home/ustb/catkin_velodyne/build/CMakeFiles/CMakeTmp/CheckSymbolExists.c:
/* */
#include <pthread.h>

int main(int argc, char** argv)
{
  (void)argv;
#ifndef pthread_create
  return ((int*)(&pthread_create))[argc];
#else
  (void)argc;
  return 0;
#endif
}

Determining if the function pthread_create exists in the pthreads failed with the following output:
Change Dir: /home/ustb/catkin_velodyne/build/CMakeFiles/CMakeTmp

Run Build Command:"/usr/bin/make" "cmTC_6024b/fast"
/usr/bin/make -f CMakeFiles/cmTC_6024b.dir/build.make CMakeFiles/cmTC_6024b.dir/build
make[1]: Entering directory '/home/ustb/catkin_velodyne/build/CMakeFiles/CMakeTmp'
Building C object CMakeFiles/cmTC_6024b.dir/CheckFunctionExists.c.o
/usr/bin/cc   -DCHECK_FUNCTION_EXISTS=pthread_create   -o CMakeFiles/cmTC_6024b.dir/CheckFunctionExists.c.o   -c /usr/share/cmake-3.10/Modules/CheckFunctionExists.c
Linking C executable cmTC_6024b
/usr/bin/cmake -E cmake_link_script CMakeFiles/cmTC_6024b.dir/link.txt --verbose=1
/usr/bin/cc  -DCHECK_FUNCTION_EXISTS=pthread_create    -rdynamic CMakeFiles/cmTC_6024b.dir/CheckFunctionExists.c.o  -o cmTC_6024b -lpthreads 
/usr/bin/ld: cannot find -lpthreads
collect2: error: ld returned 1 exit status
CMakeFiles/cmTC_6024b.dir/build.make:97: recipe for target 'cmTC_6024b' failed
make[1]: *** [cmTC_6024b] Error 1
make[1]: Leaving directory '/home/ustb/catkin_velodyne/build/CMakeFiles/CMakeTmp'
Makefile:126: recipe for target 'cmTC_6024b/fast' failed
make: *** [cmTC_6024b/fast] Error 2


Determining if the function pcap_get_pfring_id exists failed with the following output:
Change Dir: /home/ustb/catkin_velodyne/build/CMakeFiles/CMakeTmp

Run Build Command:"/usr/bin/make" "cmTC_260c9/fast"
make[1]: Entering directory '/home/ustb/catkin_velodyne/build/CMakeFiles/CMakeTmp'
/usr/bin/make -f CMakeFiles/cmTC_260c9.dir/build.make CMakeFiles/cmTC_260c9.dir/build
make[2]: Entering directory '/home/ustb/catkin_velodyne/build/CMakeFiles/CMakeTmp'
Building C object CMakeFiles/cmTC_260c9.dir/CheckFunctionExists.c.o
/usr/bin/cc   -DCHECK_FUNCTION_EXISTS=pcap_get_pfring_id   -o CMakeFiles/cmTC_260c9.dir/CheckFunctionExists.c.o   -c /usr/share/cmake-3.10/Modules/CheckFunctionExists.c
Linking C executable cmTC_260c9
/usr/bin/cmake -E cmake_link_script CMakeFiles/cmTC_260c9.dir/link.txt --verbose=1
/usr/bin/cc  -DCHECK_FUNCTION_EXISTS=pcap_get_pfring_id    -rdynamic CMakeFiles/cmTC_260c9.dir/CheckFunctionExists.c.o  -o cmTC_260c9 /usr/lib/x86_64-linux-gnu/libpcap.so 
CMakeFiles/cmTC_260c9.dir/CheckFunctionExists.c.o: In function `main':
CheckFunctionExists.c:(.text+0x10): undefined reference to `pcap_get_pfring_id'
collect2: error: ld returned 1 exit status
CMakeFiles/cmTC_260c9.dir/build.make:98: recipe for target 'cmTC_260c9' failed
make[2]: *** [cmTC_260c9] Error 1
make[2]: Leaving directory '/home/ustb/catkin_velodyne/build/CMakeFiles/CMakeTmp'
Makefile:126: recipe for target 'cmTC_260c9/fast' failed
make[1]: *** [cmTC_260c9/fast] Error 2
make[1]: Leaving directory '/home/ustb/catkin_velodyne/build/CMakeFiles/CMakeTmp'


